{
  "stats": {
    "suites": 1,
    "tests": 8,
    "passes": 8,
    "pending": 0,
    "failures": 0,
    "start": "2019-08-15T12:37:25.912Z",
    "end": "2019-08-15T12:37:33.685Z",
    "duration": 7773,
    "testsRegistered": 8,
    "passPercent": 100,
    "pendingPercent": 0,
    "other": 0,
    "hasOther": false,
    "skipped": 0,
    "hasSkipped": false
  },
  "results": [
    {
      "uuid": "2c2dbd58-07d2-496f-a3c2-fa16d26fd569",
      "title": "",
      "fullFile": "",
      "file": "",
      "beforeHooks": [],
      "afterHooks": [],
      "tests": [],
      "suites": [
        {
          "uuid": "87fe4ac1-ed99-496d-95fd-4ce786fd61a2",
          "title": "Calculator Test",
          "fullFile": "",
          "file": "",
          "beforeHooks": [],
          "afterHooks": [],
          "tests": [
            {
              "title": "Navigate to site",
              "fullTitle": "Calculator Test Navigate to site",
              "timedOut": null,
              "duration": 1496,
              "state": "passed",
              "speed": "slow",
              "pass": true,
              "fail": false,
              "pending": false,
              "context": null,
              "code": "cy.visit(\"http://localhost:3000/\");",
              "err": {},
              "uuid": "a4e7ccca-4264-4bba-aecc-4c5ceea21355",
              "parentUUID": "87fe4ac1-ed99-496d-95fd-4ce786fd61a2",
              "isHook": false,
              "skipped": false
            },
            {
              "title": "Test plus operator",
              "fullTitle": "Calculator Test Test plus operator",
              "timedOut": null,
              "duration": 700,
              "state": "passed",
              "speed": "slow",
              "pass": true,
              "fail": false,
              "pending": false,
              "context": null,
              "code": "cy.get(\"input[id=txtInput1]\").type(\"4\");\ncy.get(\"input[id=txtOperator]\").type(\"+\");\ncy.get(\"input[id=txtInput2]\").type(\"6\");\ncy.get(\"button[id=btnCalculate\").click();\ncy.get(\"#divResult\").should('have.text', \"10\");",
              "err": {},
              "uuid": "1ebbd7f6-70fe-40bc-9f53-999041a72aed",
              "parentUUID": "87fe4ac1-ed99-496d-95fd-4ce786fd61a2",
              "isHook": false,
              "skipped": false
            },
            {
              "title": "Clear the fields",
              "fullTitle": "Calculator Test Clear the fields",
              "timedOut": null,
              "duration": 103,
              "state": "passed",
              "speed": "slow",
              "pass": true,
              "fail": false,
              "pending": false,
              "context": null,
              "code": "cy.get(\"button[id=btnClear\").click();",
              "err": {},
              "uuid": "7a3621e9-dfd3-4b1a-84c0-86fb450343bb",
              "parentUUID": "87fe4ac1-ed99-496d-95fd-4ce786fd61a2",
              "isHook": false,
              "skipped": false
            },
            {
              "title": "Test times operator",
              "fullTitle": "Calculator Test Test times operator",
              "timedOut": null,
              "duration": 567,
              "state": "passed",
              "speed": "slow",
              "pass": true,
              "fail": false,
              "pending": false,
              "context": null,
              "code": "cy.get(\"input[id=txtInput1]\").type(\"12\");\ncy.get(\"input[id=txtOperator]\").type(\"*\");\ncy.get(\"input[id=txtInput2]\").type(\"13\");\ncy.get(\"button[id=btnCalculate\").click();\ncy.get(\"#divResult\").should('have.text', \"156\");",
              "err": {},
              "uuid": "4b338112-c344-4ec2-83ec-f343a94be76b",
              "parentUUID": "87fe4ac1-ed99-496d-95fd-4ce786fd61a2",
              "isHook": false,
              "skipped": false
            },
            {
              "title": "Test memory button",
              "fullTitle": "Calculator Test Test memory button",
              "timedOut": null,
              "duration": 88,
              "state": "passed",
              "speed": "slow",
              "pass": true,
              "fail": false,
              "pending": false,
              "context": null,
              "code": "cy.get(\"button[id=btnMemory]\").click();",
              "err": {},
              "uuid": "9f95aa9a-9ca5-4475-84f4-5be4f9bf4a4e",
              "parentUUID": "87fe4ac1-ed99-496d-95fd-4ce786fd61a2",
              "isHook": false,
              "skipped": false
            },
            {
              "title": "Clear the fields",
              "fullTitle": "Calculator Test Clear the fields",
              "timedOut": null,
              "duration": 95,
              "state": "passed",
              "speed": "slow",
              "pass": true,
              "fail": false,
              "pending": false,
              "context": null,
              "code": "cy.get(\"button[id=btnClear\").click();",
              "err": {},
              "uuid": "8b0b00d8-8adb-49d8-a5f3-d1ba578da168",
              "parentUUID": "87fe4ac1-ed99-496d-95fd-4ce786fd61a2",
              "isHook": false,
              "skipped": false
            },
            {
              "title": "Test division operator",
              "fullTitle": "Calculator Test Test division operator",
              "timedOut": null,
              "duration": 574,
              "state": "passed",
              "speed": "slow",
              "pass": true,
              "fail": false,
              "pending": false,
              "context": null,
              "code": "cy.get(\"input[id=txtInput1]\").type(\"120\");\ncy.get(\"input[id=txtOperator]\").type(\"/\");\ncy.get(\"input[id=txtInput2]\").type(\"5\");\ncy.get(\"button[id=btnCalculate\").click();\ncy.get(\"#divResult\").should('have.text', \"24\");",
              "err": {},
              "uuid": "7e0bd5ec-ec4d-4aa3-977f-6a2dfa9257c5",
              "parentUUID": "87fe4ac1-ed99-496d-95fd-4ce786fd61a2",
              "isHook": false,
              "skipped": false
            },
            {
              "title": "Test Memory Read",
              "fullTitle": "Calculator Test Test Memory Read",
              "timedOut": null,
              "duration": 348,
              "state": "passed",
              "speed": "slow",
              "pass": true,
              "fail": false,
              "pending": false,
              "context": null,
              "code": "cy.get(\"input[id=txtInput1]\").focus();\ncy.get(\"button[id=btnRead\").click();\ncy.get(\"input[id=txtInput1]\").should(\"have.value\", \"156\");\ncy.get(\"input[id=txtInput2]\").focus();\ncy.get(\"button[id=btnRead\").click();\ncy.get(\"input[id=txtInput2]\").should(\"have.value\", \"156\");\ncy.get(\"button[id=btnCalculate\").click();\ncy.get(\"#divResult\").should('have.text', \"1\");",
              "err": {},
              "uuid": "9ce41bdc-7295-4b4f-a8e9-deb48c64dd21",
              "parentUUID": "87fe4ac1-ed99-496d-95fd-4ce786fd61a2",
              "isHook": false,
              "skipped": false
            }
          ],
          "suites": [],
          "passes": [
            "a4e7ccca-4264-4bba-aecc-4c5ceea21355",
            "1ebbd7f6-70fe-40bc-9f53-999041a72aed",
            "7a3621e9-dfd3-4b1a-84c0-86fb450343bb",
            "4b338112-c344-4ec2-83ec-f343a94be76b",
            "9f95aa9a-9ca5-4475-84f4-5be4f9bf4a4e",
            "8b0b00d8-8adb-49d8-a5f3-d1ba578da168",
            "7e0bd5ec-ec4d-4aa3-977f-6a2dfa9257c5",
            "9ce41bdc-7295-4b4f-a8e9-deb48c64dd21"
          ],
          "failures": [],
          "pending": [],
          "skipped": [],
          "duration": 3971,
          "root": false,
          "rootEmpty": false,
          "_timeout": 2000
        }
      ],
      "passes": [],
      "failures": [],
      "pending": [],
      "skipped": [],
      "duration": 0,
      "root": true,
      "rootEmpty": true,
      "_timeout": 2000
    }
  ],
  "meta": {
    "mocha": {
      "version": "5.2.0"
    },
    "mochawesome": {
      "options": {
        "quiet": false,
        "reportFilename": "mochawesome",
        "saveHtml": true,
        "saveJson": true,
        "consoleReporter": "spec",
        "useInlineDiffs": false
      },
      "version": "4.1.0"
    },
    "marge": {
      "options": {},
      "version": "4.0.1"
    }
  }
}